<?xml version="1.0" encoding="UTF-8"?>
<testng-results skipped="0" failed="0" ignored="0" total="5" passed="5">
  <reporter-output>
  </reporter-output>
  <suite name="Default suite" duration-ms="23636" started-at="2020-09-22T08:12:55Z" finished-at="2020-09-22T08:13:19Z">
    <groups>
    </groups>
    <test name="Default test" duration-ms="23636" started-at="2020-09-22T08:12:55Z" finished-at="2020-09-22T08:13:19Z">
      <class name="Tests.Extentreport$ExtentReportsTestng">
        <test-method status="PASS" signature="setUp()[pri:0, instance:Tests.Extentreport$ExtentReportsTestng@7d9d1a19]" name="setUp" is-config="true" duration-ms="737" started-at="2020-09-22T13:42:54Z" finished-at="2020-09-22T13:42:55Z">
          <reporter-output>
          </reporter-output>
        </test-method> <!-- setUp -->
        <test-method status="PASS" signature="setUpTest()[pri:0, instance:Tests.Extentreport$ExtentReportsTestng@7d9d1a19]" name="setUpTest" is-config="true" duration-ms="9485" started-at="2020-09-22T13:42:55Z" finished-at="2020-09-22T13:43:04Z">
          <reporter-output>
          </reporter-output>
        </test-method> <!-- setUpTest -->
        <test-method status="PASS" signature="test1()[pri:0, instance:Tests.Extentreport$ExtentReportsTestng@7d9d1a19]" name="test1" duration-ms="12523" started-at="2020-09-22T13:43:04Z" finished-at="2020-09-22T13:43:17Z">
          <reporter-output>
          </reporter-output>
        </test-method> <!-- test1 -->
        <test-method status="PASS" signature="test2()[pri:0, instance:Tests.Extentreport$ExtentReportsTestng@7d9d1a19]" name="test2" duration-ms="3" started-at="2020-09-22T13:43:17Z" finished-at="2020-09-22T13:43:17Z">
          <reporter-output>
          </reporter-output>
        </test-method> <!-- test2 -->
        <test-method status="PASS" signature="test3()[pri:0, instance:Tests.Extentreport$ExtentReportsTestng@7d9d1a19]" name="test3" duration-ms="3" started-at="2020-09-22T13:43:17Z" finished-at="2020-09-22T13:43:17Z">
          <reporter-output>
          </reporter-output>
        </test-method> <!-- test3 -->
        <test-method status="PASS" signature="test4()[pri:0, instance:Tests.Extentreport$ExtentReportsTestng@7d9d1a19]" name="test4" duration-ms="2" started-at="2020-09-22T13:43:17Z" finished-at="2020-09-22T13:43:17Z">
          <reporter-output>
          </reporter-output>
        </test-method> <!-- test4 -->
        <test-method status="PASS" signature="test5()[pri:0, instance:Tests.Extentreport$ExtentReportsTestng@7d9d1a19]" name="test5" duration-ms="3" started-at="2020-09-22T13:43:17Z" finished-at="2020-09-22T13:43:17Z">
          <reporter-output>
          </reporter-output>
        </test-method> <!-- test5 -->
        <test-method status="PASS" signature="tearDownTest()[pri:0, instance:Tests.Extentreport$ExtentReportsTestng@7d9d1a19]" name="tearDownTest" is-config="true" duration-ms="1587" started-at="2020-09-22T13:43:17Z" finished-at="2020-09-22T13:43:19Z">
          <reporter-output>
          </reporter-output>
        </test-method> <!-- tearDownTest -->
        <test-method status="PASS" signature="tearDown()[pri:0, instance:Tests.Extentreport$ExtentReportsTestng@7d9d1a19]" name="tearDown" is-config="true" duration-ms="471" started-at="2020-09-22T13:43:19Z" finished-at="2020-09-22T13:43:19Z">
          <reporter-output>
          </reporter-output>
        </test-method> <!-- tearDown -->
      </class> <!-- Tests.Extentreport$ExtentReportsTestng -->
    </test> <!-- Default test -->
  </suite> <!-- Default suite -->
</testng-results>
