<?xml version="1.0" encoding="UTF-8"?>
<!-- Generated by org.testng.reporters.JUnitXMLReporter -->
<testsuite hostname="swati-X555LD" ignored="0" name="Test1" tests="6" failures="0" timestamp="21 Sep 2020 14:41:15 GMT" time="55.932" errors="0">
  <testcase name="test" time="25.263" classname="testcase.Flightsearch"/>
  <testcase name="From" time="4.341" classname="testcase.Flightsearch"/>
  <testcase name="To" time="4.213" classname="testcase.Flightsearch"/>
  <testcase name="Date" time="7.812" classname="testcase.Flightsearch"/>
  <testcase name="Search" time="5.58" classname="testcase.Flightsearch"/>
  <testcase name="Flights" time="0.307" classname="testcase.Flightsearch"/>
</testsuite> <!-- Test1 -->
