<?xml version="1.0" encoding="UTF-8"?>
<!-- Generated by org.testng.reporters.JUnitXMLReporter -->
<testsuite hostname="swati-X555LD" ignored="0" name="Test2" tests="6" failures="0" timestamp="21 Sep 2020 14:41:43 GMT" time="27.686" errors="0">
  <testcase name="test" time="5.87" classname="testcase.Flightsearch"/>
  <testcase name="From" time="4.328" classname="testcase.Flightsearch"/>
  <testcase name="To" time="4.308" classname="testcase.Flightsearch"/>
  <testcase name="Date" time="6.311" classname="testcase.Flightsearch"/>
  <testcase name="Search" time="4.972" classname="testcase.Flightsearch"/>
  <testcase name="Flights" time="0.358" classname="testcase.Flightsearch"/>
</testsuite> <!-- Test2 -->
