<?xml version="1.0" encoding="UTF-8"?>
<!-- Generated by org.testng.reporters.JUnitXMLReporter -->
<testsuite hostname="swati-X555LD" ignored="0" name="Default test" tests="5" failures="0" timestamp="22 Sep 2020 08:13:19 GMT" time="23.636" errors="0">
  <testcase name="test1" time="12.523" classname="Tests.Extentreport$ExtentReportsTestng"/>
  <testcase name="test2" time="0.003" classname="Tests.Extentreport$ExtentReportsTestng"/>
  <testcase name="test3" time="0.003" classname="Tests.Extentreport$ExtentReportsTestng"/>
  <testcase name="test4" time="0.002" classname="Tests.Extentreport$ExtentReportsTestng"/>
  <testcase name="test5" time="0.003" classname="Tests.Extentreport$ExtentReportsTestng"/>
</testsuite> <!-- Default test -->
