<?xml version="1.0" encoding="UTF-8"?>
<!-- Generated by org.testng.reporters.JUnitXMLReporter -->
<testsuite hostname="swati-X555LD" ignored="0" name="Test1" tests="6" failures="0" timestamp="01 Oct 2020 05:57:54 GMT" time="79.752" errors="0">
  <testcase name="test" time="31.034" classname="testcase.Flightsearch"/>
  <testcase name="failcond" time="7.014" classname="testcase.Flightsearch"/>
  <testcase name="From" time="8.447" classname="testcase.Flightsearch"/>
  <testcase name="Date" time="12.933" classname="testcase.Flightsearch"/>
  <testcase name="Search" time="11.749" classname="testcase.Flightsearch"/>
  <testcase name="Flights" time="0.265" classname="testcase.Flightsearch"/>
</testsuite> <!-- Test1 -->
