<?xml version="1.0" encoding="UTF-8"?>
<!-- Generated by org.testng.reporters.JUnitXMLReporter -->
<testsuite hostname="swati-X555LD" ignored="0" name="Test2" tests="6" failures="0" timestamp="01 Oct 2020 05:58:39 GMT" time="44.883" errors="0">
  <testcase name="test" time="5.848" classname="testcase.Flightsearch"/>
  <testcase name="failcond" time="6.565" classname="testcase.Flightsearch"/>
  <testcase name="From" time="8.462" classname="testcase.Flightsearch"/>
  <testcase name="Date" time="11.22" classname="testcase.Flightsearch"/>
  <testcase name="Search" time="11.092" classname="testcase.Flightsearch"/>
  <testcase name="Flights" time="0.383" classname="testcase.Flightsearch"/>
</testsuite> <!-- Test2 -->
