<?xml version="1.0" encoding="UTF-8"?>
<!-- Generated by org.testng.reporters.JUnitXMLReporter -->
<testsuite hostname="swati-X555LD" ignored="0" name="Test`" tests="5" failures="0" timestamp="01 Oct 2020 05:33:42 GMT" time="63.295" errors="0">
  <testcase name="test" time="7.175" classname="testcase01.Hotel_search1"/>
  <testcase name="From" time="16.515" classname="testcase01.Hotel_search1"/>
  <testcase name="Date" time="14.648" classname="testcase01.Hotel_search1"/>
  <testcase name="Search" time="12.52" classname="testcase01.Hotel_search1"/>
  <testcase name="Flights" time="4.465" classname="testcase01.Hotel_search1"/>
</testsuite> <!-- Test` -->
